2018-04-14 10:27:08,720 [AWT-EventQueue-0] INFO  marytts.main Mary starting up...
2018-04-14 10:27:08,722 [AWT-EventQueue-0] INFO  marytts.main Specification version 5.2
2018-04-14 10:27:08,722 [AWT-EventQueue-0] INFO  marytts.main Implementation version unknown
2018-04-14 10:27:08,722 [AWT-EventQueue-0] INFO  marytts.main Running on a Java 1.8.0_60 implementation by Oracle Corporation, on a Windows 10 platform (amd64, 10.0)
2018-04-14 10:27:08,916 [AWT-EventQueue-0] INFO  marytts.ModuleRegistry Now initiating mary module 'marytts.modules.Synthesis'
2018-04-14 10:27:08,918 [AWT-EventQueue-0] INFO  marytts.ModuleRegistry Now initiating mary module 'marytts.modules.TextToMaryXML'
2018-04-14 10:27:08,919 [AWT-EventQueue-0] INFO  marytts.ModuleRegistry Now initiating mary module 'marytts.modules.SableParser'
2018-04-14 10:27:08,920 [AWT-EventQueue-0] INFO  marytts.ModuleRegistry Now initiating mary module 'marytts.modules.SSMLParser'
2018-04-14 10:27:08,920 [AWT-EventQueue-0] INFO  marytts.ModuleRegistry Now initiating mary module 'marytts.modules.APMLParser'
2018-04-14 10:27:08,920 [AWT-EventQueue-0] INFO  marytts.ModuleRegistry Now initiating mary module 'marytts.modules.EmotionmlParser'
2018-04-14 10:27:08,921 [AWT-EventQueue-0] INFO  marytts.ModuleRegistry Now initiating mary module 'marytts.modules.JTokeniser'
2018-04-14 10:27:08,921 [AWT-EventQueue-0] INFO  marytts.ModuleRegistry Now initiating mary module 'marytts.modules.DummyTokens2Words'
2018-04-14 10:27:08,921 [AWT-EventQueue-0] INFO  marytts.ModuleRegistry Now initiating mary module 'marytts.modules.ProsodyGeneric'
2018-04-14 10:27:08,923 [AWT-EventQueue-0] INFO  marytts.ModuleRegistry Now initiating mary module 'marytts.modules.PronunciationModel'
2018-04-14 10:27:08,925 [AWT-EventQueue-0] INFO  marytts.ModuleRegistry Now initiating mary module 'marytts.modules.TargetFeatureLister'
2018-04-14 10:27:08,925 [AWT-EventQueue-0] INFO  marytts.ModuleRegistry Now initiating mary module 'marytts.modules.HalfPhoneTargetFeatureLister'
2018-04-14 10:27:08,926 [AWT-EventQueue-0] INFO  marytts.ModuleRegistry Now initiating mary module 'marytts.modules.AcousticModeller'
2018-04-14 10:27:08,927 [AWT-EventQueue-0] INFO  marytts.ModuleRegistry Now initiating mary module 'marytts.modules.RealisedAcoustparamsExtractor'
2018-04-14 10:27:08,927 [AWT-EventQueue-0] INFO  marytts.ModuleRegistry Now initiating mary module 'marytts.modules.RealisedDurationsExtractor'
2018-04-14 10:27:08,927 [AWT-EventQueue-0] INFO  marytts.ModuleRegistry Now initiating mary module 'marytts.modules.HTSEngine'
2018-04-14 10:27:08,928 [AWT-EventQueue-0] INFO  marytts.ModuleRegistry Now initiating mary module 'marytts.modules.PraatTextGridGenerator'
2018-04-14 10:27:08,929 [AWT-EventQueue-0] INFO  marytts.ModuleRegistry Now initiating mary module 'marytts.language.en.JTokeniser'
2018-04-14 10:27:08,929 [AWT-EventQueue-0] INFO  marytts.ModuleRegistry Now initiating mary module 'marytts.language.en.Preprocess'
2018-04-14 10:27:09,052 [AWT-EventQueue-0] INFO  marytts.ModuleRegistry Now initiating mary module 'marytts.modules.JPhonemiser(en_US.)'
2018-04-14 10:27:09,053 [AWT-EventQueue-0] INFO  marytts.JPhonemiser User dictionary '.\user-dictionaries\userdict-en_US.txt' for locale 'en_US' does not exist. Ignoring.
2018-04-14 10:27:09,089 [AWT-EventQueue-0] INFO  marytts.ModuleRegistry Now initiating mary module 'marytts.modules.JPhonemiser(en_GB.)'
2018-04-14 10:27:09,089 [AWT-EventQueue-0] INFO  marytts.JPhonemiser User dictionary '.\user-dictionaries\userdict-en_GB.txt' for locale 'en_GB' does not exist. Ignoring.
2018-04-14 10:27:09,107 [AWT-EventQueue-0] INFO  marytts.ModuleRegistry Now initiating mary module 'marytts.language.en.Prosody'
2018-04-14 10:27:09,108 [AWT-EventQueue-0] INFO  marytts.ModuleRegistry Now initiating mary module 'marytts.modules.SimplePhoneme2AP(en_US)'
2018-04-14 10:27:09,108 [AWT-EventQueue-0] INFO  marytts.ModuleRegistry Now initiating mary module 'marytts.language.en.PronunciationModel'
2018-04-14 10:27:09,108 [AWT-EventQueue-0] INFO  marytts.ModuleRegistry Now initiating mary module 'marytts.modules.OpenNLPPosTagger(en,en.pos)'
2018-04-14 10:27:09,112 [AWT-EventQueue-0] INFO  marytts.UnitSelectionSynthesizer started.
2018-04-14 10:27:09,112 [AWT-EventQueue-0] INFO  marytts.TargetFeatureLister Module started (ACOUSTPARAMS->TARGETFEATURES, locale null).
2018-04-14 10:27:09,112 [AWT-EventQueue-0] INFO  marytts.HTSEngine Module started (TARGETFEATURES->AUDIO, locale null).
2018-04-14 10:27:09,123 [AWT-EventQueue-0] INFO  marytts.HMMData Loading Tree Set in CARTs:
2018-04-14 10:27:09,177 [AWT-EventQueue-0] INFO  marytts.HMMData Loading GV Model Set:
2018-04-14 10:27:09,244 [AWT-EventQueue-0] INFO  marytts.Voice Registering voice `cmu-rms-hsmm': male, locale en_US
2018-04-14 10:27:09,244 [AWT-EventQueue-0] INFO  marytts.Voice New default voice for locale en_US: cmu-rms-hsmm (desire 0)
2018-04-14 10:27:09,246 [AWT-EventQueue-0] INFO  marytts.HMMData Loading Tree Set in CARTs:
2018-04-14 10:27:09,271 [AWT-EventQueue-0] INFO  marytts.HMMData Loading GV Model Set:
2018-04-14 10:27:09,381 [AWT-EventQueue-0] INFO  marytts.Voice Registering voice `cmu-slt-hsmm': female, locale en_US
2018-04-14 10:27:09,383 [AWT-EventQueue-0] INFO  marytts.HMMData Loading Tree Set in CARTs:
2018-04-14 10:27:09,402 [AWT-EventQueue-0] INFO  marytts.HMMData Loading GV Model Set:
2018-04-14 10:27:09,450 [AWT-EventQueue-0] INFO  marytts.Voice Registering voice `dfki-poppy-hsmm': female, locale en_GB
2018-04-14 10:27:09,450 [AWT-EventQueue-0] INFO  marytts.Voice New default voice for locale en_GB: dfki-poppy-hsmm (desire 0)
2018-04-14 10:27:09,450 [AWT-EventQueue-0] INFO  marytts.HMMSynthesizer started.
2018-04-14 10:27:09,450 [AWT-EventQueue-0] INFO  marytts.Synthesis Module started (ACOUSTPARAMS->AUDIO, locale null).
2018-04-14 10:27:09,451 [AWT-EventQueue-0] INFO  marytts.HMMSynthesizer Starting power-on self test.
2018-04-14 10:27:09,453 [AWT-EventQueue-0] INFO  marytts.HMMSynthesizer Power-on self test complete.
2018-04-14 10:27:09,453 [AWT-EventQueue-0] INFO  marytts.TextToMaryXML Module started (TEXT->RAWMARYXML, locale null).
2018-04-14 10:27:09,453 [AWT-EventQueue-0] INFO  marytts.TextToMaryXML Starting power-on self test.
2018-04-14 10:27:09,459 [AWT-EventQueue-0] WARN  marytts.TextToMaryXML Locale is null, overriding with en_US
2018-04-14 10:27:09,459 [AWT-EventQueue-0] WARN  marytts.TextToMaryXML Locale is null, overriding with en_US
2018-04-14 10:27:09,459 [AWT-EventQueue-0] INFO  marytts.TextToMaryXML Power-on self test complete.
2018-04-14 10:27:09,796 [AWT-EventQueue-0] INFO  marytts.SableParser Module started (SABLE->RAWMARYXML, locale null).
2018-04-14 10:27:09,796 [AWT-EventQueue-0] INFO  marytts.SableParser Starting power-on self test.
2018-04-14 10:27:09,796 [AWT-EventQueue-0] INFO  marytts.SableParser Power-on self test complete.
2018-04-14 10:27:09,843 [AWT-EventQueue-0] INFO  marytts.SSMLParser Module started (SSML->RAWMARYXML, locale null).
2018-04-14 10:27:09,843 [AWT-EventQueue-0] INFO  marytts.SSMLParser Starting power-on self test.
2018-04-14 10:27:09,843 [AWT-EventQueue-0] INFO  marytts.SSMLParser Power-on self test complete.
2018-04-14 10:27:09,886 [AWT-EventQueue-0] INFO  marytts.APMLParser Module started (APML->RAWMARYXML, locale null).
2018-04-14 10:27:09,886 [AWT-EventQueue-0] INFO  marytts.APMLParser Starting power-on self test.
2018-04-14 10:27:09,886 [AWT-EventQueue-0] INFO  marytts.APMLParser Power-on self test complete.
2018-04-14 10:27:09,907 [AWT-EventQueue-0] INFO  marytts.EmotionmlParser Module started (EMOTIONML->RAWMARYXML, locale null).
2018-04-14 10:27:09,907 [AWT-EventQueue-0] INFO  marytts.EmotionmlParser Starting power-on self test.
2018-04-14 10:27:09,907 [AWT-EventQueue-0] INFO  marytts.EmotionmlParser Power-on self test complete.
2018-04-14 10:27:09,907 [AWT-EventQueue-0] INFO  marytts.JTokeniser Module started (RAWMARYXML->TOKENS, locale null).
2018-04-14 10:27:09,928 [AWT-EventQueue-0] INFO  marytts.JTokeniser Starting power-on self test.
2018-04-14 10:27:09,928 [AWT-EventQueue-0] INFO  marytts.JTokeniser Power-on self test complete.
2018-04-14 10:27:09,928 [AWT-EventQueue-0] INFO  marytts.DummyTokens2Words Module started (TOKENS->WORDS, locale null).
2018-04-14 10:27:09,928 [AWT-EventQueue-0] INFO  marytts.DummyTokens2Words Starting power-on self test.
2018-04-14 10:27:09,928 [AWT-EventQueue-0] INFO  marytts.DummyTokens2Words Power-on self test complete.
2018-04-14 10:27:09,933 [AWT-EventQueue-0] INFO  marytts.Prosody Module started (PHONEMES->INTONATION, locale null).
2018-04-14 10:27:09,933 [AWT-EventQueue-0] INFO  marytts.Prosody Starting power-on self test.
2018-04-14 10:27:09,933 [AWT-EventQueue-0] INFO  marytts.Prosody Power-on self test complete.
2018-04-14 10:27:09,933 [AWT-EventQueue-0] INFO  marytts.PronunciationModel Module started (INTONATION->ALLOPHONES, locale null).
2018-04-14 10:27:09,933 [AWT-EventQueue-0] INFO  marytts.PronunciationModel Starting power-on self test.
2018-04-14 10:27:09,933 [AWT-EventQueue-0] INFO  marytts.PronunciationModel Power-on self test complete.
2018-04-14 10:27:09,933 [AWT-EventQueue-0] INFO  marytts.TargetFeatureLister Starting power-on self test.
2018-04-14 10:27:09,933 [AWT-EventQueue-0] INFO  marytts.TargetFeatureLister Power-on self test complete.
2018-04-14 10:27:09,933 [AWT-EventQueue-0] INFO  marytts.TargetFeatureLister Module started (ACOUSTPARAMS->HALFPHONE_TARGETFEATURES, locale null).
2018-04-14 10:27:09,933 [AWT-EventQueue-0] INFO  marytts.TargetFeatureLister Starting power-on self test.
2018-04-14 10:27:09,933 [AWT-EventQueue-0] INFO  marytts.TargetFeatureLister Power-on self test complete.
2018-04-14 10:27:09,934 [AWT-EventQueue-0] INFO  marytts.AcousticModeller Module started (ALLOPHONES->ACOUSTPARAMS, locale null).
2018-04-14 10:27:09,934 [AWT-EventQueue-0] INFO  marytts.AcousticModeller Starting power-on self test.
2018-04-14 10:27:09,934 [AWT-EventQueue-0] INFO  marytts.AcousticModeller Power-on self test complete.
2018-04-14 10:27:09,934 [AWT-EventQueue-0] INFO  marytts.Realised acoustparams extractor Module started (AUDIO->REALISED_ACOUSTPARAMS, locale null).
2018-04-14 10:27:09,934 [AWT-EventQueue-0] INFO  marytts.Realised acoustparams extractor Starting power-on self test.
2018-04-14 10:27:09,934 [AWT-EventQueue-0] INFO  marytts.Realised acoustparams extractor Power-on self test complete.
2018-04-14 10:27:09,934 [AWT-EventQueue-0] INFO  marytts.Realised durations extractor Module started (AUDIO->REALISED_DURATIONS, locale null).
2018-04-14 10:27:09,934 [AWT-EventQueue-0] INFO  marytts.Realised durations extractor Starting power-on self test.
2018-04-14 10:27:09,934 [AWT-EventQueue-0] INFO  marytts.Realised durations extractor Power-on self test complete.
2018-04-14 10:27:09,934 [AWT-EventQueue-0] INFO  marytts.Praat TextGrid generator Module started (REALISED_ACOUSTPARAMS->PRAAT_TEXTGRID, locale null).
2018-04-14 10:27:09,934 [AWT-EventQueue-0] INFO  marytts.Praat TextGrid generator Starting power-on self test.
2018-04-14 10:27:09,934 [AWT-EventQueue-0] INFO  marytts.Praat TextGrid generator Power-on self test complete.
2018-04-14 10:27:09,934 [AWT-EventQueue-0] INFO  marytts.JTokeniser Module started (RAWMARYXML->TOKENS, locale en).
2018-04-14 10:27:09,943 [AWT-EventQueue-0] INFO  marytts.JTokeniser Starting power-on self test.
2018-04-14 10:27:09,943 [AWT-EventQueue-0] INFO  marytts.JTokeniser Power-on self test complete.
2018-04-14 10:27:09,943 [AWT-EventQueue-0] INFO  marytts.Preprocess Module started (TOKENS->WORDS, locale en).
2018-04-14 10:27:09,943 [AWT-EventQueue-0] INFO  marytts.Preprocess Starting power-on self test.
2018-04-14 10:27:09,943 [AWT-EventQueue-0] INFO  marytts.Preprocess Power-on self test complete.
2018-04-14 10:27:09,943 [AWT-EventQueue-0] INFO  marytts.JPhonemiser Module started (PARTSOFSPEECH->PHONEMES, locale en_US).
2018-04-14 10:27:09,944 [AWT-EventQueue-0] INFO  marytts.JPhonemiser Starting power-on self test.
2018-04-14 10:27:09,944 [AWT-EventQueue-0] INFO  marytts.JPhonemiser Power-on self test complete.
2018-04-14 10:27:09,944 [AWT-EventQueue-0] INFO  marytts.JPhonemiser Module started (PARTSOFSPEECH->PHONEMES, locale en_GB).
2018-04-14 10:27:09,944 [AWT-EventQueue-0] INFO  marytts.JPhonemiser Starting power-on self test.
2018-04-14 10:27:09,944 [AWT-EventQueue-0] INFO  marytts.JPhonemiser Power-on self test complete.
2018-04-14 10:27:09,947 [AWT-EventQueue-0] INFO  marytts.Prosody Module started (PHONEMES->INTONATION, locale en).
2018-04-14 10:27:09,947 [AWT-EventQueue-0] INFO  marytts.Prosody Starting power-on self test.
2018-04-14 10:27:09,947 [AWT-EventQueue-0] INFO  marytts.Prosody Power-on self test complete.
2018-04-14 10:27:09,948 [AWT-EventQueue-0] INFO  marytts.SimplePhoneme2AP Module started (SIMPLEPHONEMES->ACOUSTPARAMS, locale en_US).
2018-04-14 10:27:09,948 [AWT-EventQueue-0] INFO  marytts.SimplePhoneme2AP Starting power-on self test.
2018-04-14 10:27:09,949 [AWT-EventQueue-0] INFO  marytts.SimplePhoneme2AP Power-on self test complete.
2018-04-14 10:27:09,949 [AWT-EventQueue-0] INFO  marytts.PronunciationModel Module started (INTONATION->ALLOPHONES, locale en).
2018-04-14 10:27:09,949 [AWT-EventQueue-0] INFO  marytts.PronunciationModel Starting power-on self test.
2018-04-14 10:27:09,949 [AWT-EventQueue-0] INFO  marytts.PronunciationModel Power-on self test complete.
2018-04-14 10:27:09,949 [AWT-EventQueue-0] INFO  marytts.OpenNLPPosTagger Module started (WORDS->PARTSOFSPEECH, locale en).
2018-04-14 10:27:10,494 [AWT-EventQueue-0] INFO  marytts.OpenNLPPosTagger Starting power-on self test.
2018-04-14 10:27:10,494 [AWT-EventQueue-0] INFO  marytts.OpenNLPPosTagger Power-on self test complete.
2018-04-14 10:27:10,494 [AWT-EventQueue-0] INFO  marytts.main Startup complete.
2018-04-14 10:30:54,146 [Thread-8] INFO  marytts.main Shutting down modules...
2018-04-14 10:30:54,148 [Thread-8] INFO  marytts.Synthesis Module shut down.
2018-04-14 10:30:54,148 [Thread-8] INFO  marytts.TextToMaryXML Module shut down.
2018-04-14 10:30:54,149 [Thread-8] INFO  marytts.SableParser Module shut down.
2018-04-14 10:30:54,149 [Thread-8] INFO  marytts.SSMLParser Module shut down.
2018-04-14 10:30:54,150 [Thread-8] INFO  marytts.APMLParser Module shut down.
2018-04-14 10:30:54,150 [Thread-8] INFO  marytts.EmotionmlParser Module shut down.
2018-04-14 10:30:54,150 [Thread-8] INFO  marytts.JTokeniser Module shut down.
2018-04-14 10:30:54,151 [Thread-8] INFO  marytts.DummyTokens2Words Module shut down.
2018-04-14 10:30:54,151 [Thread-8] INFO  marytts.Prosody Module shut down.
2018-04-14 10:30:54,151 [Thread-8] INFO  marytts.PronunciationModel Module shut down.
2018-04-14 10:30:54,151 [Thread-8] INFO  marytts.TargetFeatureLister Module shut down.
2018-04-14 10:30:54,152 [Thread-8] INFO  marytts.TargetFeatureLister Module shut down.
2018-04-14 10:30:54,152 [Thread-8] INFO  marytts.AcousticModeller Module shut down.
2018-04-14 10:30:54,152 [Thread-8] INFO  marytts.Realised acoustparams extractor Module shut down.
2018-04-14 10:30:54,152 [Thread-8] INFO  marytts.Realised durations extractor Module shut down.
2018-04-14 10:30:54,152 [Thread-8] INFO  marytts.HTSEngine Module shut down.
2018-04-14 10:30:54,153 [Thread-8] INFO  marytts.Praat TextGrid generator Module shut down.
2018-04-14 10:30:54,153 [Thread-8] INFO  marytts.JTokeniser Module shut down.
2018-04-14 10:30:54,153 [Thread-8] INFO  marytts.Preprocess Module shut down.
2018-04-14 10:30:54,153 [Thread-8] INFO  marytts.JPhonemiser Module shut down.
2018-04-14 10:30:54,153 [Thread-8] INFO  marytts.JPhonemiser Module shut down.
2018-04-14 10:30:54,153 [Thread-8] INFO  marytts.Prosody Module shut down.
2018-04-14 10:30:54,153 [Thread-8] INFO  marytts.SimplePhoneme2AP Module shut down.
2018-04-14 10:30:54,153 [Thread-8] INFO  marytts.PronunciationModel Module shut down.
2018-04-14 10:30:54,153 [Thread-8] INFO  marytts.OpenNLPPosTagger Module shut down.
2018-04-14 10:30:54,154 [Thread-8] INFO  marytts.main Shutdown complete.
2018-04-14 10:31:19,107 [AWT-EventQueue-0] INFO  marytts.main Mary starting up...
2018-04-14 10:31:19,110 [AWT-EventQueue-0] INFO  marytts.main Specification version 5.2
2018-04-14 10:31:19,110 [AWT-EventQueue-0] INFO  marytts.main Implementation version unknown
2018-04-14 10:31:19,110 [AWT-EventQueue-0] INFO  marytts.main Running on a Java 1.8.0_60 implementation by Oracle Corporation, on a Windows 10 platform (amd64, 10.0)
2018-04-14 10:31:19,183 [AWT-EventQueue-0] INFO  marytts.ModuleRegistry Now initiating mary module 'marytts.modules.Synthesis'
2018-04-14 10:31:19,186 [AWT-EventQueue-0] INFO  marytts.ModuleRegistry Now initiating mary module 'marytts.modules.TextToMaryXML'
2018-04-14 10:31:19,186 [AWT-EventQueue-0] INFO  marytts.ModuleRegistry Now initiating mary module 'marytts.modules.SableParser'
2018-04-14 10:31:19,187 [AWT-EventQueue-0] INFO  marytts.ModuleRegistry Now initiating mary module 'marytts.modules.SSMLParser'
2018-04-14 10:31:19,187 [AWT-EventQueue-0] INFO  marytts.ModuleRegistry Now initiating mary module 'marytts.modules.APMLParser'
2018-04-14 10:31:19,188 [AWT-EventQueue-0] INFO  marytts.ModuleRegistry Now initiating mary module 'marytts.modules.EmotionmlParser'
2018-04-14 10:31:19,188 [AWT-EventQueue-0] INFO  marytts.ModuleRegistry Now initiating mary module 'marytts.modules.JTokeniser'
2018-04-14 10:31:19,189 [AWT-EventQueue-0] INFO  marytts.ModuleRegistry Now initiating mary module 'marytts.modules.DummyTokens2Words'
2018-04-14 10:31:19,189 [AWT-EventQueue-0] INFO  marytts.ModuleRegistry Now initiating mary module 'marytts.modules.ProsodyGeneric'
2018-04-14 10:31:19,191 [AWT-EventQueue-0] INFO  marytts.ModuleRegistry Now initiating mary module 'marytts.modules.PronunciationModel'
2018-04-14 10:31:19,192 [AWT-EventQueue-0] INFO  marytts.ModuleRegistry Now initiating mary module 'marytts.modules.TargetFeatureLister'
2018-04-14 10:31:19,192 [AWT-EventQueue-0] INFO  marytts.ModuleRegistry Now initiating mary module 'marytts.modules.HalfPhoneTargetFeatureLister'
2018-04-14 10:31:19,193 [AWT-EventQueue-0] INFO  marytts.ModuleRegistry Now initiating mary module 'marytts.modules.AcousticModeller'
2018-04-14 10:31:19,193 [AWT-EventQueue-0] INFO  marytts.ModuleRegistry Now initiating mary module 'marytts.modules.RealisedAcoustparamsExtractor'
2018-04-14 10:31:19,194 [AWT-EventQueue-0] INFO  marytts.ModuleRegistry Now initiating mary module 'marytts.modules.RealisedDurationsExtractor'
2018-04-14 10:31:19,194 [AWT-EventQueue-0] INFO  marytts.ModuleRegistry Now initiating mary module 'marytts.modules.HTSEngine'
2018-04-14 10:31:19,195 [AWT-EventQueue-0] INFO  marytts.ModuleRegistry Now initiating mary module 'marytts.modules.PraatTextGridGenerator'
2018-04-14 10:31:19,196 [AWT-EventQueue-0] INFO  marytts.ModuleRegistry Now initiating mary module 'marytts.language.en.JTokeniser'
2018-04-14 10:31:19,196 [AWT-EventQueue-0] INFO  marytts.ModuleRegistry Now initiating mary module 'marytts.language.en.Preprocess'
2018-04-14 10:31:19,311 [AWT-EventQueue-0] INFO  marytts.ModuleRegistry Now initiating mary module 'marytts.modules.JPhonemiser(en_US.)'
2018-04-14 10:31:19,312 [AWT-EventQueue-0] INFO  marytts.JPhonemiser User dictionary '.\user-dictionaries\userdict-en_US.txt' for locale 'en_US' does not exist. Ignoring.
2018-04-14 10:31:19,346 [AWT-EventQueue-0] INFO  marytts.ModuleRegistry Now initiating mary module 'marytts.modules.JPhonemiser(en_GB.)'
2018-04-14 10:31:19,346 [AWT-EventQueue-0] INFO  marytts.JPhonemiser User dictionary '.\user-dictionaries\userdict-en_GB.txt' for locale 'en_GB' does not exist. Ignoring.
2018-04-14 10:31:19,364 [AWT-EventQueue-0] INFO  marytts.ModuleRegistry Now initiating mary module 'marytts.language.en.Prosody'
2018-04-14 10:31:19,365 [AWT-EventQueue-0] INFO  marytts.ModuleRegistry Now initiating mary module 'marytts.modules.SimplePhoneme2AP(en_US)'
2018-04-14 10:31:19,365 [AWT-EventQueue-0] INFO  marytts.ModuleRegistry Now initiating mary module 'marytts.language.en.PronunciationModel'
2018-04-14 10:31:19,366 [AWT-EventQueue-0] INFO  marytts.ModuleRegistry Now initiating mary module 'marytts.modules.OpenNLPPosTagger(en,en.pos)'
2018-04-14 10:31:19,369 [AWT-EventQueue-0] INFO  marytts.UnitSelectionSynthesizer started.
2018-04-14 10:31:19,370 [AWT-EventQueue-0] INFO  marytts.TargetFeatureLister Module started (ACOUSTPARAMS->TARGETFEATURES, locale null).
2018-04-14 10:31:19,370 [AWT-EventQueue-0] INFO  marytts.HTSEngine Module started (TARGETFEATURES->AUDIO, locale null).
2018-04-14 10:31:19,380 [AWT-EventQueue-0] INFO  marytts.HMMData Loading Tree Set in CARTs:
2018-04-14 10:31:19,415 [AWT-EventQueue-0] INFO  marytts.HMMData Loading GV Model Set:
2018-04-14 10:31:19,489 [AWT-EventQueue-0] INFO  marytts.Voice Registering voice `cmu-rms-hsmm': male, locale en_US
2018-04-14 10:31:19,489 [AWT-EventQueue-0] INFO  marytts.Voice New default voice for locale en_US: cmu-rms-hsmm (desire 0)
2018-04-14 10:31:19,491 [AWT-EventQueue-0] INFO  marytts.HMMData Loading Tree Set in CARTs:
2018-04-14 10:31:19,514 [AWT-EventQueue-0] INFO  marytts.HMMData Loading GV Model Set:
2018-04-14 10:31:19,562 [AWT-EventQueue-0] INFO  marytts.Voice Registering voice `cmu-slt-hsmm': female, locale en_US
2018-04-14 10:31:19,564 [AWT-EventQueue-0] INFO  marytts.HMMData Loading Tree Set in CARTs:
2018-04-14 10:31:19,592 [AWT-EventQueue-0] INFO  marytts.HMMData Loading GV Model Set:
2018-04-14 10:31:19,642 [AWT-EventQueue-0] INFO  marytts.Voice Registering voice `dfki-poppy-hsmm': female, locale en_GB
2018-04-14 10:31:19,642 [AWT-EventQueue-0] INFO  marytts.Voice New default voice for locale en_GB: dfki-poppy-hsmm (desire 0)
2018-04-14 10:31:19,642 [AWT-EventQueue-0] INFO  marytts.HMMSynthesizer started.
2018-04-14 10:31:19,642 [AWT-EventQueue-0] INFO  marytts.Synthesis Module started (ACOUSTPARAMS->AUDIO, locale null).
2018-04-14 10:31:19,643 [AWT-EventQueue-0] INFO  marytts.HMMSynthesizer Starting power-on self test.
2018-04-14 10:31:19,645 [AWT-EventQueue-0] INFO  marytts.HMMSynthesizer Power-on self test complete.
2018-04-14 10:31:19,645 [AWT-EventQueue-0] INFO  marytts.TextToMaryXML Module started (TEXT->RAWMARYXML, locale null).
2018-04-14 10:31:19,645 [AWT-EventQueue-0] INFO  marytts.TextToMaryXML Starting power-on self test.
2018-04-14 10:31:19,650 [AWT-EventQueue-0] WARN  marytts.TextToMaryXML Locale is null, overriding with en_US
2018-04-14 10:31:19,650 [AWT-EventQueue-0] WARN  marytts.TextToMaryXML Locale is null, overriding with en_US
2018-04-14 10:31:19,650 [AWT-EventQueue-0] INFO  marytts.TextToMaryXML Power-on self test complete.
2018-04-14 10:31:19,779 [AWT-EventQueue-0] INFO  marytts.SableParser Module started (SABLE->RAWMARYXML, locale null).
2018-04-14 10:31:19,779 [AWT-EventQueue-0] INFO  marytts.SableParser Starting power-on self test.
2018-04-14 10:31:19,779 [AWT-EventQueue-0] INFO  marytts.SableParser Power-on self test complete.
2018-04-14 10:31:19,821 [AWT-EventQueue-0] INFO  marytts.SSMLParser Module started (SSML->RAWMARYXML, locale null).
2018-04-14 10:31:19,821 [AWT-EventQueue-0] INFO  marytts.SSMLParser Starting power-on self test.
2018-04-14 10:31:19,821 [AWT-EventQueue-0] INFO  marytts.SSMLParser Power-on self test complete.
2018-04-14 10:31:19,854 [AWT-EventQueue-0] INFO  marytts.APMLParser Module started (APML->RAWMARYXML, locale null).
2018-04-14 10:31:19,854 [AWT-EventQueue-0] INFO  marytts.APMLParser Starting power-on self test.
2018-04-14 10:31:19,854 [AWT-EventQueue-0] INFO  marytts.APMLParser Power-on self test complete.
2018-04-14 10:31:19,875 [AWT-EventQueue-0] INFO  marytts.EmotionmlParser Module started (EMOTIONML->RAWMARYXML, locale null).
2018-04-14 10:31:19,875 [AWT-EventQueue-0] INFO  marytts.EmotionmlParser Starting power-on self test.
2018-04-14 10:31:19,875 [AWT-EventQueue-0] INFO  marytts.EmotionmlParser Power-on self test complete.
2018-04-14 10:31:19,875 [AWT-EventQueue-0] INFO  marytts.JTokeniser Module started (RAWMARYXML->TOKENS, locale null).
2018-04-14 10:31:19,899 [AWT-EventQueue-0] INFO  marytts.JTokeniser Starting power-on self test.
2018-04-14 10:31:19,900 [AWT-EventQueue-0] INFO  marytts.JTokeniser Power-on self test complete.
2018-04-14 10:31:19,900 [AWT-EventQueue-0] INFO  marytts.DummyTokens2Words Module started (TOKENS->WORDS, locale null).
2018-04-14 10:31:19,900 [AWT-EventQueue-0] INFO  marytts.DummyTokens2Words Starting power-on self test.
2018-04-14 10:31:19,900 [AWT-EventQueue-0] INFO  marytts.DummyTokens2Words Power-on self test complete.
2018-04-14 10:31:19,903 [AWT-EventQueue-0] INFO  marytts.Prosody Module started (PHONEMES->INTONATION, locale null).
2018-04-14 10:31:19,903 [AWT-EventQueue-0] INFO  marytts.Prosody Starting power-on self test.
2018-04-14 10:31:19,904 [AWT-EventQueue-0] INFO  marytts.Prosody Power-on self test complete.
2018-04-14 10:31:19,904 [AWT-EventQueue-0] INFO  marytts.PronunciationModel Module started (INTONATION->ALLOPHONES, locale null).
2018-04-14 10:31:19,904 [AWT-EventQueue-0] INFO  marytts.PronunciationModel Starting power-on self test.
2018-04-14 10:31:19,904 [AWT-EventQueue-0] INFO  marytts.PronunciationModel Power-on self test complete.
2018-04-14 10:31:19,904 [AWT-EventQueue-0] INFO  marytts.TargetFeatureLister Starting power-on self test.
2018-04-14 10:31:19,904 [AWT-EventQueue-0] INFO  marytts.TargetFeatureLister Power-on self test complete.
2018-04-14 10:31:19,904 [AWT-EventQueue-0] INFO  marytts.TargetFeatureLister Module started (ACOUSTPARAMS->HALFPHONE_TARGETFEATURES, locale null).
2018-04-14 10:31:19,904 [AWT-EventQueue-0] INFO  marytts.TargetFeatureLister Starting power-on self test.
2018-04-14 10:31:19,904 [AWT-EventQueue-0] INFO  marytts.TargetFeatureLister Power-on self test complete.
2018-04-14 10:31:19,904 [AWT-EventQueue-0] INFO  marytts.AcousticModeller Module started (ALLOPHONES->ACOUSTPARAMS, locale null).
2018-04-14 10:31:19,904 [AWT-EventQueue-0] INFO  marytts.AcousticModeller Starting power-on self test.
2018-04-14 10:31:19,904 [AWT-EventQueue-0] INFO  marytts.AcousticModeller Power-on self test complete.
2018-04-14 10:31:19,904 [AWT-EventQueue-0] INFO  marytts.Realised acoustparams extractor Module started (AUDIO->REALISED_ACOUSTPARAMS, locale null).
2018-04-14 10:31:19,904 [AWT-EventQueue-0] INFO  marytts.Realised acoustparams extractor Starting power-on self test.
2018-04-14 10:31:19,904 [AWT-EventQueue-0] INFO  marytts.Realised acoustparams extractor Power-on self test complete.
2018-04-14 10:31:19,904 [AWT-EventQueue-0] INFO  marytts.Realised durations extractor Module started (AUDIO->REALISED_DURATIONS, locale null).
2018-04-14 10:31:19,904 [AWT-EventQueue-0] INFO  marytts.Realised durations extractor Starting power-on self test.
2018-04-14 10:31:19,904 [AWT-EventQueue-0] INFO  marytts.Realised durations extractor Power-on self test complete.
2018-04-14 10:31:19,904 [AWT-EventQueue-0] INFO  marytts.Praat TextGrid generator Module started (REALISED_ACOUSTPARAMS->PRAAT_TEXTGRID, locale null).
2018-04-14 10:31:19,904 [AWT-EventQueue-0] INFO  marytts.Praat TextGrid generator Starting power-on self test.
2018-04-14 10:31:19,904 [AWT-EventQueue-0] INFO  marytts.Praat TextGrid generator Power-on self test complete.
2018-04-14 10:31:19,904 [AWT-EventQueue-0] INFO  marytts.JTokeniser Module started (RAWMARYXML->TOKENS, locale en).
2018-04-14 10:31:19,920 [AWT-EventQueue-0] INFO  marytts.JTokeniser Starting power-on self test.
2018-04-14 10:31:19,920 [AWT-EventQueue-0] INFO  marytts.JTokeniser Power-on self test complete.
2018-04-14 10:31:19,920 [AWT-EventQueue-0] INFO  marytts.Preprocess Module started (TOKENS->WORDS, locale en).
2018-04-14 10:31:19,920 [AWT-EventQueue-0] INFO  marytts.Preprocess Starting power-on self test.
2018-04-14 10:31:19,921 [AWT-EventQueue-0] INFO  marytts.Preprocess Power-on self test complete.
2018-04-14 10:31:19,921 [AWT-EventQueue-0] INFO  marytts.JPhonemiser Module started (PARTSOFSPEECH->PHONEMES, locale en_US).
2018-04-14 10:31:19,921 [AWT-EventQueue-0] INFO  marytts.JPhonemiser Starting power-on self test.
2018-04-14 10:31:19,921 [AWT-EventQueue-0] INFO  marytts.JPhonemiser Power-on self test complete.
2018-04-14 10:31:19,921 [AWT-EventQueue-0] INFO  marytts.JPhonemiser Module started (PARTSOFSPEECH->PHONEMES, locale en_GB).
2018-04-14 10:31:19,921 [AWT-EventQueue-0] INFO  marytts.JPhonemiser Starting power-on self test.
2018-04-14 10:31:19,921 [AWT-EventQueue-0] INFO  marytts.JPhonemiser Power-on self test complete.
2018-04-14 10:31:19,924 [AWT-EventQueue-0] INFO  marytts.Prosody Module started (PHONEMES->INTONATION, locale en).
2018-04-14 10:31:19,924 [AWT-EventQueue-0] INFO  marytts.Prosody Starting power-on self test.
2018-04-14 10:31:19,924 [AWT-EventQueue-0] INFO  marytts.Prosody Power-on self test complete.
2018-04-14 10:31:19,925 [AWT-EventQueue-0] INFO  marytts.SimplePhoneme2AP Module started (SIMPLEPHONEMES->ACOUSTPARAMS, locale en_US).
2018-04-14 10:31:19,925 [AWT-EventQueue-0] INFO  marytts.SimplePhoneme2AP Starting power-on self test.
2018-04-14 10:31:19,926 [AWT-EventQueue-0] INFO  marytts.SimplePhoneme2AP Power-on self test complete.
2018-04-14 10:31:19,926 [AWT-EventQueue-0] INFO  marytts.PronunciationModel Module started (INTONATION->ALLOPHONES, locale en).
2018-04-14 10:31:19,926 [AWT-EventQueue-0] INFO  marytts.PronunciationModel Starting power-on self test.
2018-04-14 10:31:19,926 [AWT-EventQueue-0] INFO  marytts.PronunciationModel Power-on self test complete.
2018-04-14 10:31:19,926 [AWT-EventQueue-0] INFO  marytts.OpenNLPPosTagger Module started (WORDS->PARTSOFSPEECH, locale en).
2018-04-14 10:31:20,484 [AWT-EventQueue-0] INFO  marytts.OpenNLPPosTagger Starting power-on self test.
2018-04-14 10:31:20,485 [AWT-EventQueue-0] INFO  marytts.OpenNLPPosTagger Power-on self test complete.
2018-04-14 10:31:20,485 [AWT-EventQueue-0] INFO  marytts.main Startup complete.
2018-04-14 10:38:03,985 [Thread-8] INFO  marytts.main Shutting down modules...
2018-04-14 10:38:03,987 [Thread-8] INFO  marytts.Synthesis Module shut down.
2018-04-14 10:38:03,987 [Thread-8] INFO  marytts.TextToMaryXML Module shut down.
2018-04-14 10:38:03,987 [Thread-8] INFO  marytts.SableParser Module shut down.
2018-04-14 10:38:03,987 [Thread-8] INFO  marytts.SSMLParser Module shut down.
2018-04-14 10:38:03,987 [Thread-8] INFO  marytts.APMLParser Module shut down.
2018-04-14 10:38:03,988 [Thread-8] INFO  marytts.EmotionmlParser Module shut down.
2018-04-14 10:38:03,988 [Thread-8] INFO  marytts.JTokeniser Module shut down.
2018-04-14 10:38:03,988 [Thread-8] INFO  marytts.DummyTokens2Words Module shut down.
2018-04-14 10:38:03,988 [Thread-8] INFO  marytts.Prosody Module shut down.
2018-04-14 10:38:03,989 [Thread-8] INFO  marytts.PronunciationModel Module shut down.
2018-04-14 10:38:03,989 [Thread-8] INFO  marytts.TargetFeatureLister Module shut down.
2018-04-14 10:38:03,989 [Thread-8] INFO  marytts.TargetFeatureLister Module shut down.
2018-04-14 10:38:03,989 [Thread-8] INFO  marytts.AcousticModeller Module shut down.
2018-04-14 10:38:03,989 [Thread-8] INFO  marytts.Realised acoustparams extractor Module shut down.
2018-04-14 10:38:03,989 [Thread-8] INFO  marytts.Realised durations extractor Module shut down.
2018-04-14 10:38:03,989 [Thread-8] INFO  marytts.HTSEngine Module shut down.
2018-04-14 10:38:03,989 [Thread-8] INFO  marytts.Praat TextGrid generator Module shut down.
2018-04-14 10:38:03,990 [Thread-8] INFO  marytts.JTokeniser Module shut down.
2018-04-14 10:38:03,990 [Thread-8] INFO  marytts.Preprocess Module shut down.
2018-04-14 10:38:03,990 [Thread-8] INFO  marytts.JPhonemiser Module shut down.
2018-04-14 10:38:03,990 [Thread-8] INFO  marytts.JPhonemiser Module shut down.
2018-04-14 10:38:03,990 [Thread-8] INFO  marytts.Prosody Module shut down.
2018-04-14 10:38:03,990 [Thread-8] INFO  marytts.SimplePhoneme2AP Module shut down.
2018-04-14 10:38:03,990 [Thread-8] INFO  marytts.PronunciationModel Module shut down.
2018-04-14 10:38:03,990 [Thread-8] INFO  marytts.OpenNLPPosTagger Module shut down.
2018-04-14 10:38:03,991 [Thread-8] INFO  marytts.main Shutdown complete.
2018-04-15 18:47:45,562 [AWT-EventQueue-0] INFO  marytts.main Mary starting up...
2018-04-15 18:47:45,574 [AWT-EventQueue-0] INFO  marytts.main Specification version 5.2
2018-04-15 18:47:45,574 [AWT-EventQueue-0] INFO  marytts.main Implementation version unknown
2018-04-15 18:47:45,574 [AWT-EventQueue-0] INFO  marytts.main Running on a Java 1.8.0_60 implementation by Oracle Corporation, on a Windows 10 platform (amd64, 10.0)
2018-04-15 18:47:45,873 [AWT-EventQueue-0] INFO  marytts.ModuleRegistry Now initiating mary module 'marytts.modules.Synthesis'
2018-04-15 18:47:45,878 [AWT-EventQueue-0] INFO  marytts.ModuleRegistry Now initiating mary module 'marytts.modules.TextToMaryXML'
2018-04-15 18:47:45,879 [AWT-EventQueue-0] INFO  marytts.ModuleRegistry Now initiating mary module 'marytts.modules.SableParser'
2018-04-15 18:47:45,880 [AWT-EventQueue-0] INFO  marytts.ModuleRegistry Now initiating mary module 'marytts.modules.SSMLParser'
2018-04-15 18:47:45,880 [AWT-EventQueue-0] INFO  marytts.ModuleRegistry Now initiating mary module 'marytts.modules.APMLParser'
2018-04-15 18:47:45,881 [AWT-EventQueue-0] INFO  marytts.ModuleRegistry Now initiating mary module 'marytts.modules.EmotionmlParser'
2018-04-15 18:47:45,881 [AWT-EventQueue-0] INFO  marytts.ModuleRegistry Now initiating mary module 'marytts.modules.JTokeniser'
2018-04-15 18:47:45,883 [AWT-EventQueue-0] INFO  marytts.ModuleRegistry Now initiating mary module 'marytts.modules.DummyTokens2Words'
2018-04-15 18:47:45,883 [AWT-EventQueue-0] INFO  marytts.ModuleRegistry Now initiating mary module 'marytts.modules.ProsodyGeneric'
2018-04-15 18:47:45,886 [AWT-EventQueue-0] INFO  marytts.ModuleRegistry Now initiating mary module 'marytts.modules.PronunciationModel'
2018-04-15 18:47:45,887 [AWT-EventQueue-0] INFO  marytts.ModuleRegistry Now initiating mary module 'marytts.modules.TargetFeatureLister'
2018-04-15 18:47:45,888 [AWT-EventQueue-0] INFO  marytts.ModuleRegistry Now initiating mary module 'marytts.modules.HalfPhoneTargetFeatureLister'
2018-04-15 18:47:45,888 [AWT-EventQueue-0] INFO  marytts.ModuleRegistry Now initiating mary module 'marytts.modules.AcousticModeller'
2018-04-15 18:47:45,889 [AWT-EventQueue-0] INFO  marytts.ModuleRegistry Now initiating mary module 'marytts.modules.RealisedAcoustparamsExtractor'
2018-04-15 18:47:45,889 [AWT-EventQueue-0] INFO  marytts.ModuleRegistry Now initiating mary module 'marytts.modules.RealisedDurationsExtractor'
2018-04-15 18:47:45,889 [AWT-EventQueue-0] INFO  marytts.ModuleRegistry Now initiating mary module 'marytts.modules.HTSEngine'
2018-04-15 18:47:45,891 [AWT-EventQueue-0] INFO  marytts.ModuleRegistry Now initiating mary module 'marytts.modules.PraatTextGridGenerator'
2018-04-15 18:47:45,902 [AWT-EventQueue-0] INFO  marytts.ModuleRegistry Now initiating mary module 'marytts.language.en.JTokeniser'
2018-04-15 18:47:45,902 [AWT-EventQueue-0] INFO  marytts.ModuleRegistry Now initiating mary module 'marytts.language.en.Preprocess'
2018-04-15 18:47:46,222 [AWT-EventQueue-0] INFO  marytts.ModuleRegistry Now initiating mary module 'marytts.modules.JPhonemiser(en_US.)'
2018-04-15 18:47:46,223 [AWT-EventQueue-0] INFO  marytts.JPhonemiser User dictionary '.\user-dictionaries\userdict-en_US.txt' for locale 'en_US' does not exist. Ignoring.
2018-04-15 18:47:46,308 [AWT-EventQueue-0] INFO  marytts.ModuleRegistry Now initiating mary module 'marytts.modules.JPhonemiser(en_GB.)'
2018-04-15 18:47:46,308 [AWT-EventQueue-0] INFO  marytts.JPhonemiser User dictionary '.\user-dictionaries\userdict-en_GB.txt' for locale 'en_GB' does not exist. Ignoring.
2018-04-15 18:47:46,328 [AWT-EventQueue-0] INFO  marytts.ModuleRegistry Now initiating mary module 'marytts.language.en.Prosody'
2018-04-15 18:47:46,329 [AWT-EventQueue-0] INFO  marytts.ModuleRegistry Now initiating mary module 'marytts.modules.SimplePhoneme2AP(en_US)'
2018-04-15 18:47:46,329 [AWT-EventQueue-0] INFO  marytts.ModuleRegistry Now initiating mary module 'marytts.language.en.PronunciationModel'
2018-04-15 18:47:46,330 [AWT-EventQueue-0] INFO  marytts.ModuleRegistry Now initiating mary module 'marytts.modules.OpenNLPPosTagger(en,en.pos)'
2018-04-15 18:47:46,334 [AWT-EventQueue-0] INFO  marytts.UnitSelectionSynthesizer started.
2018-04-15 18:47:46,335 [AWT-EventQueue-0] INFO  marytts.TargetFeatureLister Module started (ACOUSTPARAMS->TARGETFEATURES, locale null).
2018-04-15 18:47:46,335 [AWT-EventQueue-0] INFO  marytts.HTSEngine Module started (TARGETFEATURES->AUDIO, locale null).
2018-04-15 18:47:46,351 [AWT-EventQueue-0] INFO  marytts.HMMData Loading Tree Set in CARTs:
2018-04-15 18:47:46,419 [AWT-EventQueue-0] INFO  marytts.HMMData Loading GV Model Set:
2018-04-15 18:47:46,526 [AWT-EventQueue-0] INFO  marytts.Voice Registering voice `cmu-rms-hsmm': male, locale en_US
2018-04-15 18:47:46,527 [AWT-EventQueue-0] INFO  marytts.Voice New default voice for locale en_US: cmu-rms-hsmm (desire 0)
2018-04-15 18:47:46,536 [AWT-EventQueue-0] INFO  marytts.HMMData Loading Tree Set in CARTs:
2018-04-15 18:47:46,564 [AWT-EventQueue-0] INFO  marytts.HMMData Loading GV Model Set:
2018-04-15 18:47:46,640 [AWT-EventQueue-0] INFO  marytts.Voice Registering voice `cmu-slt-hsmm': female, locale en_US
2018-04-15 18:47:46,650 [AWT-EventQueue-0] INFO  marytts.HMMData Loading Tree Set in CARTs:
2018-04-15 18:47:46,739 [AWT-EventQueue-0] INFO  marytts.HMMData Loading GV Model Set:
2018-04-15 18:47:46,801 [AWT-EventQueue-0] INFO  marytts.Voice Registering voice `dfki-poppy-hsmm': female, locale en_GB
2018-04-15 18:47:46,801 [AWT-EventQueue-0] INFO  marytts.Voice New default voice for locale en_GB: dfki-poppy-hsmm (desire 0)
2018-04-15 18:47:46,801 [AWT-EventQueue-0] INFO  marytts.HMMSynthesizer started.
2018-04-15 18:47:46,801 [AWT-EventQueue-0] INFO  marytts.Synthesis Module started (ACOUSTPARAMS->AUDIO, locale null).
2018-04-15 18:47:46,801 [AWT-EventQueue-0] INFO  marytts.HMMSynthesizer Starting power-on self test.
2018-04-15 18:47:46,814 [AWT-EventQueue-0] INFO  marytts.HMMSynthesizer Power-on self test complete.
2018-04-15 18:47:46,815 [AWT-EventQueue-0] INFO  marytts.TextToMaryXML Module started (TEXT->RAWMARYXML, locale null).
2018-04-15 18:47:46,815 [AWT-EventQueue-0] INFO  marytts.TextToMaryXML Starting power-on self test.
2018-04-15 18:47:46,821 [AWT-EventQueue-0] WARN  marytts.TextToMaryXML Locale is null, overriding with en_US
2018-04-15 18:47:46,821 [AWT-EventQueue-0] WARN  marytts.TextToMaryXML Locale is null, overriding with en_US
2018-04-15 18:47:46,821 [AWT-EventQueue-0] INFO  marytts.TextToMaryXML Power-on self test complete.
2018-04-15 18:47:47,246 [AWT-EventQueue-0] INFO  marytts.SableParser Module started (SABLE->RAWMARYXML, locale null).
2018-04-15 18:47:47,246 [AWT-EventQueue-0] INFO  marytts.SableParser Starting power-on self test.
2018-04-15 18:47:47,246 [AWT-EventQueue-0] INFO  marytts.SableParser Power-on self test complete.
2018-04-15 18:47:47,291 [AWT-EventQueue-0] INFO  marytts.SSMLParser Module started (SSML->RAWMARYXML, locale null).
2018-04-15 18:47:47,291 [AWT-EventQueue-0] INFO  marytts.SSMLParser Starting power-on self test.
2018-04-15 18:47:47,291 [AWT-EventQueue-0] INFO  marytts.SSMLParser Power-on self test complete.
2018-04-15 18:47:47,330 [AWT-EventQueue-0] INFO  marytts.APMLParser Module started (APML->RAWMARYXML, locale null).
2018-04-15 18:47:47,330 [AWT-EventQueue-0] INFO  marytts.APMLParser Starting power-on self test.
2018-04-15 18:47:47,330 [AWT-EventQueue-0] INFO  marytts.APMLParser Power-on self test complete.
2018-04-15 18:47:47,351 [AWT-EventQueue-0] INFO  marytts.EmotionmlParser Module started (EMOTIONML->RAWMARYXML, locale null).
2018-04-15 18:47:47,352 [AWT-EventQueue-0] INFO  marytts.EmotionmlParser Starting power-on self test.
2018-04-15 18:47:47,352 [AWT-EventQueue-0] INFO  marytts.EmotionmlParser Power-on self test complete.
2018-04-15 18:47:47,352 [AWT-EventQueue-0] INFO  marytts.JTokeniser Module started (RAWMARYXML->TOKENS, locale null).
2018-04-15 18:47:47,380 [AWT-EventQueue-0] INFO  marytts.JTokeniser Starting power-on self test.
2018-04-15 18:47:47,381 [AWT-EventQueue-0] INFO  marytts.JTokeniser Power-on self test complete.
2018-04-15 18:47:47,381 [AWT-EventQueue-0] INFO  marytts.DummyTokens2Words Module started (TOKENS->WORDS, locale null).
2018-04-15 18:47:47,381 [AWT-EventQueue-0] INFO  marytts.DummyTokens2Words Starting power-on self test.
2018-04-15 18:47:47,381 [AWT-EventQueue-0] INFO  marytts.DummyTokens2Words Power-on self test complete.
2018-04-15 18:47:47,386 [AWT-EventQueue-0] INFO  marytts.Prosody Module started (PHONEMES->INTONATION, locale null).
2018-04-15 18:47:47,386 [AWT-EventQueue-0] INFO  marytts.Prosody Starting power-on self test.
2018-04-15 18:47:47,387 [AWT-EventQueue-0] INFO  marytts.Prosody Power-on self test complete.
2018-04-15 18:47:47,387 [AWT-EventQueue-0] INFO  marytts.PronunciationModel Module started (INTONATION->ALLOPHONES, locale null).
2018-04-15 18:47:47,387 [AWT-EventQueue-0] INFO  marytts.PronunciationModel Starting power-on self test.
2018-04-15 18:47:47,387 [AWT-EventQueue-0] INFO  marytts.PronunciationModel Power-on self test complete.
2018-04-15 18:47:47,387 [AWT-EventQueue-0] INFO  marytts.TargetFeatureLister Starting power-on self test.
2018-04-15 18:47:47,387 [AWT-EventQueue-0] INFO  marytts.TargetFeatureLister Power-on self test complete.
2018-04-15 18:47:47,387 [AWT-EventQueue-0] INFO  marytts.TargetFeatureLister Module started (ACOUSTPARAMS->HALFPHONE_TARGETFEATURES, locale null).
2018-04-15 18:47:47,387 [AWT-EventQueue-0] INFO  marytts.TargetFeatureLister Starting power-on self test.
2018-04-15 18:47:47,387 [AWT-EventQueue-0] INFO  marytts.TargetFeatureLister Power-on self test complete.
2018-04-15 18:47:47,387 [AWT-EventQueue-0] INFO  marytts.AcousticModeller Module started (ALLOPHONES->ACOUSTPARAMS, locale null).
2018-04-15 18:47:47,387 [AWT-EventQueue-0] INFO  marytts.AcousticModeller Starting power-on self test.
2018-04-15 18:47:47,387 [AWT-EventQueue-0] INFO  marytts.AcousticModeller Power-on self test complete.
2018-04-15 18:47:47,387 [AWT-EventQueue-0] INFO  marytts.Realised acoustparams extractor Module started (AUDIO->REALISED_ACOUSTPARAMS, locale null).
2018-04-15 18:47:47,387 [AWT-EventQueue-0] INFO  marytts.Realised acoustparams extractor Starting power-on self test.
2018-04-15 18:47:47,387 [AWT-EventQueue-0] INFO  marytts.Realised acoustparams extractor Power-on self test complete.
2018-04-15 18:47:47,387 [AWT-EventQueue-0] INFO  marytts.Realised durations extractor Module started (AUDIO->REALISED_DURATIONS, locale null).
2018-04-15 18:47:47,387 [AWT-EventQueue-0] INFO  marytts.Realised durations extractor Starting power-on self test.
2018-04-15 18:47:47,387 [AWT-EventQueue-0] INFO  marytts.Realised durations extractor Power-on self test complete.
2018-04-15 18:47:47,387 [AWT-EventQueue-0] INFO  marytts.Praat TextGrid generator Module started (REALISED_ACOUSTPARAMS->PRAAT_TEXTGRID, locale null).
2018-04-15 18:47:47,387 [AWT-EventQueue-0] INFO  marytts.Praat TextGrid generator Starting power-on self test.
2018-04-15 18:47:47,387 [AWT-EventQueue-0] INFO  marytts.Praat TextGrid generator Power-on self test complete.
2018-04-15 18:47:47,387 [AWT-EventQueue-0] INFO  marytts.JTokeniser Module started (RAWMARYXML->TOKENS, locale en).
2018-04-15 18:47:47,397 [AWT-EventQueue-0] INFO  marytts.JTokeniser Starting power-on self test.
2018-04-15 18:47:47,397 [AWT-EventQueue-0] INFO  marytts.JTokeniser Power-on self test complete.
2018-04-15 18:47:47,397 [AWT-EventQueue-0] INFO  marytts.Preprocess Module started (TOKENS->WORDS, locale en).
2018-04-15 18:47:47,397 [AWT-EventQueue-0] INFO  marytts.Preprocess Starting power-on self test.
2018-04-15 18:47:47,397 [AWT-EventQueue-0] INFO  marytts.Preprocess Power-on self test complete.
2018-04-15 18:47:47,397 [AWT-EventQueue-0] INFO  marytts.JPhonemiser Module started (PARTSOFSPEECH->PHONEMES, locale en_US).
2018-04-15 18:47:47,397 [AWT-EventQueue-0] INFO  marytts.JPhonemiser Starting power-on self test.
2018-04-15 18:47:47,397 [AWT-EventQueue-0] INFO  marytts.JPhonemiser Power-on self test complete.
2018-04-15 18:47:47,397 [AWT-EventQueue-0] INFO  marytts.JPhonemiser Module started (PARTSOFSPEECH->PHONEMES, locale en_GB).
2018-04-15 18:47:47,397 [AWT-EventQueue-0] INFO  marytts.JPhonemiser Starting power-on self test.
2018-04-15 18:47:47,397 [AWT-EventQueue-0] INFO  marytts.JPhonemiser Power-on self test complete.
2018-04-15 18:47:47,400 [AWT-EventQueue-0] INFO  marytts.Prosody Module started (PHONEMES->INTONATION, locale en).
2018-04-15 18:47:47,401 [AWT-EventQueue-0] INFO  marytts.Prosody Starting power-on self test.
2018-04-15 18:47:47,401 [AWT-EventQueue-0] INFO  marytts.Prosody Power-on self test complete.
2018-04-15 18:47:47,401 [AWT-EventQueue-0] INFO  marytts.SimplePhoneme2AP Module started (SIMPLEPHONEMES->ACOUSTPARAMS, locale en_US).
2018-04-15 18:47:47,401 [AWT-EventQueue-0] INFO  marytts.SimplePhoneme2AP Starting power-on self test.
2018-04-15 18:47:47,402 [AWT-EventQueue-0] INFO  marytts.SimplePhoneme2AP Power-on self test complete.
2018-04-15 18:47:47,402 [AWT-EventQueue-0] INFO  marytts.PronunciationModel Module started (INTONATION->ALLOPHONES, locale en).
2018-04-15 18:47:47,402 [AWT-EventQueue-0] INFO  marytts.PronunciationModel Starting power-on self test.
2018-04-15 18:47:47,402 [AWT-EventQueue-0] INFO  marytts.PronunciationModel Power-on self test complete.
2018-04-15 18:47:47,402 [AWT-EventQueue-0] INFO  marytts.OpenNLPPosTagger Module started (WORDS->PARTSOFSPEECH, locale en).
2018-04-15 18:47:48,063 [AWT-EventQueue-0] INFO  marytts.OpenNLPPosTagger Starting power-on self test.
2018-04-15 18:47:48,064 [AWT-EventQueue-0] INFO  marytts.OpenNLPPosTagger Power-on self test complete.
2018-04-15 18:47:48,064 [AWT-EventQueue-0] INFO  marytts.main Startup complete.
2018-04-15 18:51:22,802 [Thread-9] INFO  marytts.main Shutting down modules...
2018-04-15 18:51:22,804 [Thread-9] INFO  marytts.Synthesis Module shut down.
2018-04-15 18:51:22,804 [Thread-9] INFO  marytts.TextToMaryXML Module shut down.
2018-04-15 18:51:22,805 [Thread-9] INFO  marytts.SableParser Module shut down.
2018-04-15 18:51:22,805 [Thread-9] INFO  marytts.SSMLParser Module shut down.
2018-04-15 18:51:22,805 [Thread-9] INFO  marytts.APMLParser Module shut down.
2018-04-15 18:51:22,805 [Thread-9] INFO  marytts.EmotionmlParser Module shut down.
2018-04-15 18:51:22,806 [Thread-9] INFO  marytts.JTokeniser Module shut down.
2018-04-15 18:51:22,806 [Thread-9] INFO  marytts.DummyTokens2Words Module shut down.
2018-04-15 18:51:22,806 [Thread-9] INFO  marytts.Prosody Module shut down.
2018-04-15 18:51:22,806 [Thread-9] INFO  marytts.PronunciationModel Module shut down.
2018-04-15 18:51:22,807 [Thread-9] INFO  marytts.TargetFeatureLister Module shut down.
2018-04-15 18:51:22,807 [Thread-9] INFO  marytts.TargetFeatureLister Module shut down.
2018-04-15 18:51:22,807 [Thread-9] INFO  marytts.AcousticModeller Module shut down.
2018-04-15 18:51:22,807 [Thread-9] INFO  marytts.Realised acoustparams extractor Module shut down.
2018-04-15 18:51:22,807 [Thread-9] INFO  marytts.Realised durations extractor Module shut down.
2018-04-15 18:51:22,807 [Thread-9] INFO  marytts.HTSEngine Module shut down.
2018-04-15 18:51:22,808 [Thread-9] INFO  marytts.Praat TextGrid generator Module shut down.
2018-04-15 18:51:22,808 [Thread-9] INFO  marytts.JTokeniser Module shut down.
2018-04-15 18:51:22,808 [Thread-9] INFO  marytts.Preprocess Module shut down.
2018-04-15 18:51:22,808 [Thread-9] INFO  marytts.JPhonemiser Module shut down.
2018-04-15 18:51:22,808 [Thread-9] INFO  marytts.JPhonemiser Module shut down.
2018-04-15 18:51:22,808 [Thread-9] INFO  marytts.Prosody Module shut down.
2018-04-15 18:51:22,808 [Thread-9] INFO  marytts.SimplePhoneme2AP Module shut down.
2018-04-15 18:51:22,808 [Thread-9] INFO  marytts.PronunciationModel Module shut down.
2018-04-15 18:51:22,808 [Thread-9] INFO  marytts.OpenNLPPosTagger Module shut down.
2018-04-15 18:51:22,809 [Thread-9] INFO  marytts.main Shutdown complete.
2018-04-16 03:23:12,328 [AWT-EventQueue-0] INFO  marytts.main Mary starting up...
2018-04-16 03:23:12,355 [AWT-EventQueue-0] INFO  marytts.main Specification version 5.2
2018-04-16 03:23:12,355 [AWT-EventQueue-0] INFO  marytts.main Implementation version unknown
2018-04-16 03:23:12,355 [AWT-EventQueue-0] INFO  marytts.main Running on a Java 1.8.0_60 implementation by Oracle Corporation, on a Windows 10 platform (amd64, 10.0)
2018-04-16 03:23:12,864 [AWT-EventQueue-0] INFO  marytts.ModuleRegistry Now initiating mary module 'marytts.modules.Synthesis'
2018-04-16 03:23:12,869 [AWT-EventQueue-0] INFO  marytts.ModuleRegistry Now initiating mary module 'marytts.modules.TextToMaryXML'
2018-04-16 03:23:12,870 [AWT-EventQueue-0] INFO  marytts.ModuleRegistry Now initiating mary module 'marytts.modules.SableParser'
2018-04-16 03:23:12,871 [AWT-EventQueue-0] INFO  marytts.ModuleRegistry Now initiating mary module 'marytts.modules.SSMLParser'
2018-04-16 03:23:12,871 [AWT-EventQueue-0] INFO  marytts.ModuleRegistry Now initiating mary module 'marytts.modules.APMLParser'
2018-04-16 03:23:12,872 [AWT-EventQueue-0] INFO  marytts.ModuleRegistry Now initiating mary module 'marytts.modules.EmotionmlParser'
2018-04-16 03:23:12,873 [AWT-EventQueue-0] INFO  marytts.ModuleRegistry Now initiating mary module 'marytts.modules.JTokeniser'
2018-04-16 03:23:12,875 [AWT-EventQueue-0] INFO  marytts.ModuleRegistry Now initiating mary module 'marytts.modules.DummyTokens2Words'
2018-04-16 03:23:12,875 [AWT-EventQueue-0] INFO  marytts.ModuleRegistry Now initiating mary module 'marytts.modules.ProsodyGeneric'
2018-04-16 03:23:12,878 [AWT-EventQueue-0] INFO  marytts.ModuleRegistry Now initiating mary module 'marytts.modules.PronunciationModel'
2018-04-16 03:23:12,879 [AWT-EventQueue-0] INFO  marytts.ModuleRegistry Now initiating mary module 'marytts.modules.TargetFeatureLister'
2018-04-16 03:23:12,880 [AWT-EventQueue-0] INFO  marytts.ModuleRegistry Now initiating mary module 'marytts.modules.HalfPhoneTargetFeatureLister'
2018-04-16 03:23:12,880 [AWT-EventQueue-0] INFO  marytts.ModuleRegistry Now initiating mary module 'marytts.modules.AcousticModeller'
2018-04-16 03:23:12,881 [AWT-EventQueue-0] INFO  marytts.ModuleRegistry Now initiating mary module 'marytts.modules.RealisedAcoustparamsExtractor'
2018-04-16 03:23:12,882 [AWT-EventQueue-0] INFO  marytts.ModuleRegistry Now initiating mary module 'marytts.modules.RealisedDurationsExtractor'
2018-04-16 03:23:12,882 [AWT-EventQueue-0] INFO  marytts.ModuleRegistry Now initiating mary module 'marytts.modules.HTSEngine'
2018-04-16 03:23:12,883 [AWT-EventQueue-0] INFO  marytts.ModuleRegistry Now initiating mary module 'marytts.modules.PraatTextGridGenerator'
2018-04-16 03:23:12,894 [AWT-EventQueue-0] INFO  marytts.ModuleRegistry Now initiating mary module 'marytts.language.en.JTokeniser'
2018-04-16 03:23:12,894 [AWT-EventQueue-0] INFO  marytts.ModuleRegistry Now initiating mary module 'marytts.language.en.Preprocess'
2018-04-16 03:23:13,423 [AWT-EventQueue-0] INFO  marytts.ModuleRegistry Now initiating mary module 'marytts.modules.JPhonemiser(en_US.)'
2018-04-16 03:23:13,433 [AWT-EventQueue-0] INFO  marytts.JPhonemiser User dictionary '.\user-dictionaries\userdict-en_US.txt' for locale 'en_US' does not exist. Ignoring.
2018-04-16 03:23:13,548 [AWT-EventQueue-0] INFO  marytts.ModuleRegistry Now initiating mary module 'marytts.modules.JPhonemiser(en_GB.)'
2018-04-16 03:23:13,548 [AWT-EventQueue-0] INFO  marytts.JPhonemiser User dictionary '.\user-dictionaries\userdict-en_GB.txt' for locale 'en_GB' does not exist. Ignoring.
2018-04-16 03:23:13,569 [AWT-EventQueue-0] INFO  marytts.ModuleRegistry Now initiating mary module 'marytts.language.en.Prosody'
2018-04-16 03:23:13,570 [AWT-EventQueue-0] INFO  marytts.ModuleRegistry Now initiating mary module 'marytts.modules.SimplePhoneme2AP(en_US)'
2018-04-16 03:23:13,570 [AWT-EventQueue-0] INFO  marytts.ModuleRegistry Now initiating mary module 'marytts.language.en.PronunciationModel'
2018-04-16 03:23:13,570 [AWT-EventQueue-0] INFO  marytts.ModuleRegistry Now initiating mary module 'marytts.modules.OpenNLPPosTagger(en,en.pos)'
2018-04-16 03:23:13,574 [AWT-EventQueue-0] INFO  marytts.UnitSelectionSynthesizer started.
2018-04-16 03:23:13,575 [AWT-EventQueue-0] INFO  marytts.TargetFeatureLister Module started (ACOUSTPARAMS->TARGETFEATURES, locale null).
2018-04-16 03:23:13,575 [AWT-EventQueue-0] INFO  marytts.HTSEngine Module started (TARGETFEATURES->AUDIO, locale null).
2018-04-16 03:23:13,594 [AWT-EventQueue-0] INFO  marytts.HMMData Loading Tree Set in CARTs:
2018-04-16 03:23:13,669 [AWT-EventQueue-0] INFO  marytts.HMMData Loading GV Model Set:
2018-04-16 03:23:13,760 [AWT-EventQueue-0] INFO  marytts.Voice Registering voice `cmu-rms-hsmm': male, locale en_US
2018-04-16 03:23:13,760 [AWT-EventQueue-0] INFO  marytts.Voice New default voice for locale en_US: cmu-rms-hsmm (desire 0)
2018-04-16 03:23:13,769 [AWT-EventQueue-0] INFO  marytts.HMMData Loading Tree Set in CARTs:
2018-04-16 03:23:13,797 [AWT-EventQueue-0] INFO  marytts.HMMData Loading GV Model Set:
2018-04-16 03:23:13,887 [AWT-EventQueue-0] INFO  marytts.Voice Registering voice `cmu-slt-hsmm': female, locale en_US
2018-04-16 03:23:13,892 [AWT-EventQueue-0] INFO  marytts.HMMData Loading Tree Set in CARTs:
2018-04-16 03:23:13,960 [AWT-EventQueue-0] INFO  marytts.HMMData Loading GV Model Set:
2018-04-16 03:23:14,012 [AWT-EventQueue-0] INFO  marytts.Voice Registering voice `dfki-poppy-hsmm': female, locale en_GB
2018-04-16 03:23:14,012 [AWT-EventQueue-0] INFO  marytts.Voice New default voice for locale en_GB: dfki-poppy-hsmm (desire 0)
2018-04-16 03:23:14,012 [AWT-EventQueue-0] INFO  marytts.HMMSynthesizer started.
2018-04-16 03:23:14,012 [AWT-EventQueue-0] INFO  marytts.Synthesis Module started (ACOUSTPARAMS->AUDIO, locale null).
2018-04-16 03:23:14,013 [AWT-EventQueue-0] INFO  marytts.HMMSynthesizer Starting power-on self test.
2018-04-16 03:23:14,027 [AWT-EventQueue-0] INFO  marytts.HMMSynthesizer Power-on self test complete.
2018-04-16 03:23:14,027 [AWT-EventQueue-0] INFO  marytts.TextToMaryXML Module started (TEXT->RAWMARYXML, locale null).
2018-04-16 03:23:14,027 [AWT-EventQueue-0] INFO  marytts.TextToMaryXML Starting power-on self test.
2018-04-16 03:23:14,043 [AWT-EventQueue-0] WARN  marytts.TextToMaryXML Locale is null, overriding with en_US
2018-04-16 03:23:14,043 [AWT-EventQueue-0] WARN  marytts.TextToMaryXML Locale is null, overriding with en_US
2018-04-16 03:23:14,043 [AWT-EventQueue-0] INFO  marytts.TextToMaryXML Power-on self test complete.
2018-04-16 03:23:14,394 [AWT-EventQueue-0] INFO  marytts.SableParser Module started (SABLE->RAWMARYXML, locale null).
2018-04-16 03:23:14,394 [AWT-EventQueue-0] INFO  marytts.SableParser Starting power-on self test.
2018-04-16 03:23:14,394 [AWT-EventQueue-0] INFO  marytts.SableParser Power-on self test complete.
2018-04-16 03:23:14,484 [AWT-EventQueue-0] INFO  marytts.SSMLParser Module started (SSML->RAWMARYXML, locale null).
2018-04-16 03:23:14,484 [AWT-EventQueue-0] INFO  marytts.SSMLParser Starting power-on self test.
2018-04-16 03:23:14,484 [AWT-EventQueue-0] INFO  marytts.SSMLParser Power-on self test complete.
2018-04-16 03:23:14,525 [AWT-EventQueue-0] INFO  marytts.APMLParser Module started (APML->RAWMARYXML, locale null).
2018-04-16 03:23:14,525 [AWT-EventQueue-0] INFO  marytts.APMLParser Starting power-on self test.
2018-04-16 03:23:14,525 [AWT-EventQueue-0] INFO  marytts.APMLParser Power-on self test complete.
2018-04-16 03:23:14,572 [AWT-EventQueue-0] INFO  marytts.EmotionmlParser Module started (EMOTIONML->RAWMARYXML, locale null).
2018-04-16 03:23:14,572 [AWT-EventQueue-0] INFO  marytts.EmotionmlParser Starting power-on self test.
2018-04-16 03:23:14,572 [AWT-EventQueue-0] INFO  marytts.EmotionmlParser Power-on self test complete.
2018-04-16 03:23:14,572 [AWT-EventQueue-0] INFO  marytts.JTokeniser Module started (RAWMARYXML->TOKENS, locale null).
2018-04-16 03:23:14,674 [AWT-EventQueue-0] INFO  marytts.JTokeniser Starting power-on self test.
2018-04-16 03:23:14,674 [AWT-EventQueue-0] INFO  marytts.JTokeniser Power-on self test complete.
2018-04-16 03:23:14,674 [AWT-EventQueue-0] INFO  marytts.DummyTokens2Words Module started (TOKENS->WORDS, locale null).
2018-04-16 03:23:14,674 [AWT-EventQueue-0] INFO  marytts.DummyTokens2Words Starting power-on self test.
2018-04-16 03:23:14,674 [AWT-EventQueue-0] INFO  marytts.DummyTokens2Words Power-on self test complete.
2018-04-16 03:23:14,678 [AWT-EventQueue-0] INFO  marytts.Prosody Module started (PHONEMES->INTONATION, locale null).
2018-04-16 03:23:14,678 [AWT-EventQueue-0] INFO  marytts.Prosody Starting power-on self test.
2018-04-16 03:23:14,678 [AWT-EventQueue-0] INFO  marytts.Prosody Power-on self test complete.
2018-04-16 03:23:14,678 [AWT-EventQueue-0] INFO  marytts.PronunciationModel Module started (INTONATION->ALLOPHONES, locale null).
2018-04-16 03:23:14,678 [AWT-EventQueue-0] INFO  marytts.PronunciationModel Starting power-on self test.
2018-04-16 03:23:14,679 [AWT-EventQueue-0] INFO  marytts.PronunciationModel Power-on self test complete.
2018-04-16 03:23:14,679 [AWT-EventQueue-0] INFO  marytts.TargetFeatureLister Starting power-on self test.
2018-04-16 03:23:14,679 [AWT-EventQueue-0] INFO  marytts.TargetFeatureLister Power-on self test complete.
2018-04-16 03:23:14,679 [AWT-EventQueue-0] INFO  marytts.TargetFeatureLister Module started (ACOUSTPARAMS->HALFPHONE_TARGETFEATURES, locale null).
2018-04-16 03:23:14,679 [AWT-EventQueue-0] INFO  marytts.TargetFeatureLister Starting power-on self test.
2018-04-16 03:23:14,679 [AWT-EventQueue-0] INFO  marytts.TargetFeatureLister Power-on self test complete.
2018-04-16 03:23:14,679 [AWT-EventQueue-0] INFO  marytts.AcousticModeller Module started (ALLOPHONES->ACOUSTPARAMS, locale null).
2018-04-16 03:23:14,679 [AWT-EventQueue-0] INFO  marytts.AcousticModeller Starting power-on self test.
2018-04-16 03:23:14,679 [AWT-EventQueue-0] INFO  marytts.AcousticModeller Power-on self test complete.
2018-04-16 03:23:14,679 [AWT-EventQueue-0] INFO  marytts.Realised acoustparams extractor Module started (AUDIO->REALISED_ACOUSTPARAMS, locale null).
2018-04-16 03:23:14,679 [AWT-EventQueue-0] INFO  marytts.Realised acoustparams extractor Starting power-on self test.
2018-04-16 03:23:14,679 [AWT-EventQueue-0] INFO  marytts.Realised acoustparams extractor Power-on self test complete.
2018-04-16 03:23:14,679 [AWT-EventQueue-0] INFO  marytts.Realised durations extractor Module started (AUDIO->REALISED_DURATIONS, locale null).
2018-04-16 03:23:14,679 [AWT-EventQueue-0] INFO  marytts.Realised durations extractor Starting power-on self test.
2018-04-16 03:23:14,679 [AWT-EventQueue-0] INFO  marytts.Realised durations extractor Power-on self test complete.
2018-04-16 03:23:14,679 [AWT-EventQueue-0] INFO  marytts.Praat TextGrid generator Module started (REALISED_ACOUSTPARAMS->PRAAT_TEXTGRID, locale null).
2018-04-16 03:23:14,679 [AWT-EventQueue-0] INFO  marytts.Praat TextGrid generator Starting power-on self test.
2018-04-16 03:23:14,679 [AWT-EventQueue-0] INFO  marytts.Praat TextGrid generator Power-on self test complete.
2018-04-16 03:23:14,679 [AWT-EventQueue-0] INFO  marytts.JTokeniser Module started (RAWMARYXML->TOKENS, locale en).
2018-04-16 03:23:14,690 [AWT-EventQueue-0] INFO  marytts.JTokeniser Starting power-on self test.
2018-04-16 03:23:14,690 [AWT-EventQueue-0] INFO  marytts.JTokeniser Power-on self test complete.
2018-04-16 03:23:14,690 [AWT-EventQueue-0] INFO  marytts.Preprocess Module started (TOKENS->WORDS, locale en).
2018-04-16 03:23:14,690 [AWT-EventQueue-0] INFO  marytts.Preprocess Starting power-on self test.
2018-04-16 03:23:14,690 [AWT-EventQueue-0] INFO  marytts.Preprocess Power-on self test complete.
2018-04-16 03:23:14,690 [AWT-EventQueue-0] INFO  marytts.JPhonemiser Module started (PARTSOFSPEECH->PHONEMES, locale en_US).
2018-04-16 03:23:14,691 [AWT-EventQueue-0] INFO  marytts.JPhonemiser Starting power-on self test.
2018-04-16 03:23:14,691 [AWT-EventQueue-0] INFO  marytts.JPhonemiser Power-on self test complete.
2018-04-16 03:23:14,691 [AWT-EventQueue-0] INFO  marytts.JPhonemiser Module started (PARTSOFSPEECH->PHONEMES, locale en_GB).
2018-04-16 03:23:14,691 [AWT-EventQueue-0] INFO  marytts.JPhonemiser Starting power-on self test.
2018-04-16 03:23:14,691 [AWT-EventQueue-0] INFO  marytts.JPhonemiser Power-on self test complete.
2018-04-16 03:23:14,694 [AWT-EventQueue-0] INFO  marytts.Prosody Module started (PHONEMES->INTONATION, locale en).
2018-04-16 03:23:14,694 [AWT-EventQueue-0] INFO  marytts.Prosody Starting power-on self test.
2018-04-16 03:23:14,694 [AWT-EventQueue-0] INFO  marytts.Prosody Power-on self test complete.
2018-04-16 03:23:14,695 [AWT-EventQueue-0] INFO  marytts.SimplePhoneme2AP Module started (SIMPLEPHONEMES->ACOUSTPARAMS, locale en_US).
2018-04-16 03:23:14,695 [AWT-EventQueue-0] INFO  marytts.SimplePhoneme2AP Starting power-on self test.
2018-04-16 03:23:14,696 [AWT-EventQueue-0] INFO  marytts.SimplePhoneme2AP Power-on self test complete.
2018-04-16 03:23:14,696 [AWT-EventQueue-0] INFO  marytts.PronunciationModel Module started (INTONATION->ALLOPHONES, locale en).
2018-04-16 03:23:14,696 [AWT-EventQueue-0] INFO  marytts.PronunciationModel Starting power-on self test.
2018-04-16 03:23:14,696 [AWT-EventQueue-0] INFO  marytts.PronunciationModel Power-on self test complete.
2018-04-16 03:23:14,696 [AWT-EventQueue-0] INFO  marytts.OpenNLPPosTagger Module started (WORDS->PARTSOFSPEECH, locale en).
2018-04-16 03:23:15,514 [AWT-EventQueue-0] INFO  marytts.OpenNLPPosTagger Starting power-on self test.
2018-04-16 03:23:15,514 [AWT-EventQueue-0] INFO  marytts.OpenNLPPosTagger Power-on self test complete.
2018-04-16 03:23:15,514 [AWT-EventQueue-0] INFO  marytts.main Startup complete.
2018-04-16 03:23:22,202 [Thread-9] INFO  marytts.main Shutting down modules...
2018-04-16 03:23:22,203 [Thread-9] INFO  marytts.Synthesis Module shut down.
2018-04-16 03:23:22,203 [Thread-9] INFO  marytts.TextToMaryXML Module shut down.
2018-04-16 03:23:22,204 [Thread-9] INFO  marytts.SableParser Module shut down.
2018-04-16 03:23:22,204 [Thread-9] INFO  marytts.SSMLParser Module shut down.
2018-04-16 03:23:22,204 [Thread-9] INFO  marytts.APMLParser Module shut down.
2018-04-16 03:23:22,204 [Thread-9] INFO  marytts.EmotionmlParser Module shut down.
2018-04-16 03:23:22,204 [Thread-9] INFO  marytts.JTokeniser Module shut down.
2018-04-16 03:23:22,204 [Thread-9] INFO  marytts.DummyTokens2Words Module shut down.
2018-04-16 03:23:22,204 [Thread-9] INFO  marytts.Prosody Module shut down.
2018-04-16 03:23:22,204 [Thread-9] INFO  marytts.PronunciationModel Module shut down.
2018-04-16 03:23:22,205 [Thread-9] INFO  marytts.TargetFeatureLister Module shut down.
2018-04-16 03:23:22,205 [Thread-9] INFO  marytts.TargetFeatureLister Module shut down.
2018-04-16 03:23:22,205 [Thread-9] INFO  marytts.AcousticModeller Module shut down.
2018-04-16 03:23:22,205 [Thread-9] INFO  marytts.Realised acoustparams extractor Module shut down.
2018-04-16 03:23:22,205 [Thread-9] INFO  marytts.Realised durations extractor Module shut down.
2018-04-16 03:23:22,205 [Thread-9] INFO  marytts.HTSEngine Module shut down.
2018-04-16 03:23:22,205 [Thread-9] INFO  marytts.Praat TextGrid generator Module shut down.
2018-04-16 03:23:22,205 [Thread-9] INFO  marytts.JTokeniser Module shut down.
2018-04-16 03:23:22,205 [Thread-9] INFO  marytts.Preprocess Module shut down.
2018-04-16 03:23:22,205 [Thread-9] INFO  marytts.JPhonemiser Module shut down.
2018-04-16 03:23:22,205 [Thread-9] INFO  marytts.JPhonemiser Module shut down.
2018-04-16 03:23:22,205 [Thread-9] INFO  marytts.Prosody Module shut down.
2018-04-16 03:23:22,205 [Thread-9] INFO  marytts.SimplePhoneme2AP Module shut down.
2018-04-16 03:23:22,205 [Thread-9] INFO  marytts.PronunciationModel Module shut down.
2018-04-16 03:23:22,205 [Thread-9] INFO  marytts.OpenNLPPosTagger Module shut down.
2018-04-16 03:23:22,206 [Thread-9] INFO  marytts.main Shutdown complete.
